0 verbose cli [ '/usr/bin/node', '/usr/bin/npm', 'install', 'express' ]
1 info using npm@8.5.1
2 info using node@v12.22.9
3 timing npm:load:whichnode Completed in 0ms
4 timing config:load:defaults Completed in 2ms
5 timing config:load:file:/usr/share/nodejs/npm/npmrc Completed in 18ms
6 timing config:load:builtin Completed in 18ms
7 timing config:load:cli Completed in 2ms
8 timing config:load:env Completed in 0ms
9 timing config:load:project Completed in 2ms
10 timing config:load:file:/home/ubuntu/.npmrc Completed in 0ms
11 timing config:load:user Completed in 0ms
12 timing config:load:file:/etc/npmrc Completed in 0ms
13 timing config:load:global Completed in 1ms
14 timing config:load:validate Completed in 0ms
15 timing config:load:credentials Completed in 2ms
16 timing config:load:setEnvs Completed in 1ms
17 timing config:load Completed in 29ms
18 timing npm:load:configload Completed in 29ms
19 timing npm:load:setTitle Completed in 0ms
20 timing config:load:flatten Completed in 4ms
21 timing npm:load:display Completed in 7ms
22 verbose logfile /home/ubuntu/.npm/_logs/2024-05-08T07_28_53_056Z-debug-0.log
23 timing npm:load:logFile Completed in 8ms
24 timing npm:load:timers Completed in 0ms
25 timing npm:load:configScope Completed in 0ms
26 timing npm:load Completed in 46ms
27 timing arborist:ctor Completed in 1ms
28 timing arborist:ctor Completed in 1ms
29 timing idealTree:init Completed in 17ms
30 timing idealTree:userRequests Completed in 5ms
31 silly idealTree buildDeps
32 silly fetch manifest express@*
33 http fetch GET 200 https://registry.npmjs.org/express 138ms (cache miss)
34 silly placeDep ROOT express@4.19.2 OK for:  want: *
35 silly fetch manifest accepts@~1.3.8
36 silly fetch manifest array-flatten@1.1.1
37 silly fetch manifest body-parser@1.20.2
38 silly fetch manifest content-disposition@0.5.4
39 silly fetch manifest content-type@~1.0.4
40 silly fetch manifest cookie@0.6.0
41 silly fetch manifest cookie-signature@1.0.6
42 silly fetch manifest debug@2.6.9
43 silly fetch manifest depd@2.0.0
44 silly fetch manifest encodeurl@~1.0.2
45 silly fetch manifest escape-html@~1.0.3
46 silly fetch manifest etag@~1.8.1
47 silly fetch manifest finalhandler@1.2.0
48 silly fetch manifest fresh@0.5.2
49 silly fetch manifest http-errors@2.0.0
50 silly fetch manifest merge-descriptors@1.0.1
51 silly fetch manifest methods@~1.1.2
52 silly fetch manifest on-finished@2.4.1
53 silly fetch manifest parseurl@~1.3.3
54 silly fetch manifest path-to-regexp@0.1.7
55 silly fetch manifest proxy-addr@~2.0.7
56 silly fetch manifest qs@6.11.0
57 silly fetch manifest range-parser@~1.2.1
58 silly fetch manifest safe-buffer@5.2.1
59 silly fetch manifest send@0.18.0
60 silly fetch manifest serve-static@1.15.0
61 silly fetch manifest setprototypeof@1.2.0
62 silly fetch manifest statuses@2.0.1
63 silly fetch manifest type-is@~1.6.18
64 silly fetch manifest utils-merge@1.0.1
65 silly fetch manifest vary@~1.1.2
66 http fetch GET 200 https://registry.npmjs.org/content-type 381ms (cache miss)
67 http fetch GET 200 https://registry.npmjs.org/escape-html 375ms (cache miss)
68 http fetch GET 200 https://registry.npmjs.org/merge-descriptors 369ms (cache miss)
69 http fetch GET 200 https://registry.npmjs.org/content-disposition 386ms (cache miss)
70 http fetch GET 200 https://registry.npmjs.org/methods 371ms (cache miss)
71 http fetch GET 200 https://registry.npmjs.org/encodeurl 381ms (cache miss)
72 http fetch GET 200 https://registry.npmjs.org/depd 386ms (cache miss)
73 http fetch GET 200 https://registry.npmjs.org/on-finished 375ms (cache miss)
74 http fetch GET 200 https://registry.npmjs.org/parseurl 374ms (cache miss)
75 http fetch GET 200 https://registry.npmjs.org/fresh 382ms (cache miss)
76 http fetch GET 200 https://registry.npmjs.org/cookie-signature 392ms (cache miss)
77 http fetch GET 200 https://registry.npmjs.org/etag 386ms (cache miss)
78 http fetch GET 200 https://registry.npmjs.org/accepts 403ms (cache miss)
79 http fetch GET 200 https://registry.npmjs.org/utils-merge 354ms (cache miss)
80 http fetch GET 200 https://registry.npmjs.org/cookie 396ms (cache miss)
81 http fetch GET 200 https://registry.npmjs.org/finalhandler 389ms (cache miss)
82 http fetch GET 200 https://registry.npmjs.org/array-flatten 406ms (cache miss)
83 http fetch GET 200 https://registry.npmjs.org/range-parser 369ms (cache miss)
84 http fetch GET 200 https://registry.npmjs.org/vary 354ms (cache miss)
85 http fetch GET 200 https://registry.npmjs.org/safe-buffer 370ms (cache miss)
86 http fetch GET 200 https://registry.npmjs.org/setprototypeof 363ms (cache miss)
87 http fetch GET 200 https://registry.npmjs.org/http-errors 391ms (cache miss)
88 http fetch GET 200 https://registry.npmjs.org/statuses 364ms (cache miss)
89 http fetch GET 200 https://registry.npmjs.org/proxy-addr 385ms (cache miss)
90 http fetch GET 200 https://registry.npmjs.org/type-is 367ms (cache miss)
91 http fetch GET 200 https://registry.npmjs.org/send 376ms (cache miss)
92 http fetch GET 200 https://registry.npmjs.org/serve-static 373ms (cache miss)
93 http fetch GET 200 https://registry.npmjs.org/debug 413ms (cache miss)
94 http fetch GET 200 https://registry.npmjs.org/body-parser 420ms (cache miss)
95 http fetch GET 200 https://registry.npmjs.org/path-to-regexp 401ms (cache miss)
96 http fetch GET 200 https://registry.npmjs.org/qs 398ms (cache miss)
97 timing idealTree:#root Completed in 589ms
98 silly placeDep ROOT accepts@1.3.8 OK for: express@4.19.2 want: ~1.3.8
99 silly placeDep ROOT array-flatten@1.1.1 OK for: express@4.19.2 want: 1.1.1
100 silly placeDep ROOT body-parser@1.20.2 OK for: express@4.19.2 want: 1.20.2
101 silly placeDep ROOT content-disposition@0.5.4 OK for: express@4.19.2 want: 0.5.4
102 silly placeDep ROOT content-type@1.0.5 OK for: express@4.19.2 want: ~1.0.4
103 silly placeDep ROOT cookie@0.6.0 OK for: express@4.19.2 want: 0.6.0
104 silly placeDep ROOT cookie-signature@1.0.6 OK for: express@4.19.2 want: 1.0.6
105 silly placeDep ROOT debug@2.6.9 OK for: express@4.19.2 want: 2.6.9
106 silly placeDep ROOT depd@2.0.0 OK for: express@4.19.2 want: 2.0.0
107 silly placeDep ROOT encodeurl@1.0.2 OK for: express@4.19.2 want: ~1.0.2
108 silly placeDep ROOT escape-html@1.0.3 OK for: express@4.19.2 want: ~1.0.3
109 silly placeDep ROOT etag@1.8.1 OK for: express@4.19.2 want: ~1.8.1
110 silly placeDep ROOT finalhandler@1.2.0 OK for: express@4.19.2 want: 1.2.0
111 silly placeDep ROOT fresh@0.5.2 OK for: express@4.19.2 want: 0.5.2
112 silly placeDep ROOT http-errors@2.0.0 OK for: express@4.19.2 want: 2.0.0
113 silly placeDep ROOT merge-descriptors@1.0.1 OK for: express@4.19.2 want: 1.0.1
114 silly placeDep ROOT methods@1.1.2 OK for: express@4.19.2 want: ~1.1.2
115 silly placeDep ROOT on-finished@2.4.1 OK for: express@4.19.2 want: 2.4.1
116 silly placeDep ROOT parseurl@1.3.3 OK for: express@4.19.2 want: ~1.3.3
117 silly placeDep ROOT path-to-regexp@0.1.7 OK for: express@4.19.2 want: 0.1.7
118 silly placeDep ROOT proxy-addr@2.0.7 OK for: express@4.19.2 want: ~2.0.7
119 silly placeDep ROOT qs@6.11.0 OK for: express@4.19.2 want: 6.11.0
120 silly placeDep ROOT range-parser@1.2.1 OK for: express@4.19.2 want: ~1.2.1
121 silly placeDep ROOT safe-buffer@5.2.1 OK for: express@4.19.2 want: 5.2.1
122 silly placeDep ROOT send@0.18.0 OK for: express@4.19.2 want: 0.18.0
123 silly placeDep ROOT serve-static@1.15.0 OK for: express@4.19.2 want: 1.15.0
124 silly placeDep ROOT setprototypeof@1.2.0 OK for: express@4.19.2 want: 1.2.0
125 silly placeDep ROOT statuses@2.0.1 OK for: express@4.19.2 want: 2.0.1
126 silly placeDep ROOT type-is@1.6.18 OK for: express@4.19.2 want: ~1.6.18
127 silly placeDep ROOT utils-merge@1.0.1 OK for: express@4.19.2 want: 1.0.1
128 silly placeDep ROOT vary@1.1.2 OK for: express@4.19.2 want: ~1.1.2
129 silly fetch manifest mime-types@~2.1.34
130 silly fetch manifest negotiator@0.6.3
131 silly fetch manifest bytes@3.1.2
132 silly fetch manifest destroy@1.2.0
133 silly fetch manifest iconv-lite@0.4.24
134 silly fetch manifest raw-body@2.5.2
135 silly fetch manifest unpipe@1.0.0
136 silly fetch manifest ms@2.0.0
137 silly fetch manifest unpipe@~1.0.0
138 silly fetch manifest inherits@2.0.4
139 silly fetch manifest toidentifier@1.0.1
140 silly fetch manifest ee-first@1.1.1
141 silly fetch manifest forwarded@0.2.0
142 silly fetch manifest ipaddr.js@1.9.1
143 silly fetch manifest side-channel@^1.0.4
144 silly fetch manifest mime@1.6.0
145 silly fetch manifest ms@2.1.3
146 silly fetch manifest media-typer@0.3.0
147 silly fetch manifest mime-types@~2.1.24
148 http fetch GET 200 https://registry.npmjs.org/ee-first 150ms (cache miss)
149 http fetch GET 200 https://registry.npmjs.org/inherits 153ms (cache miss)
150 http fetch GET 200 https://registry.npmjs.org/unpipe 158ms (cache miss)
151 http fetch GET 200 https://registry.npmjs.org/ms 157ms (cache miss)
152 http fetch GET 200 https://registry.npmjs.org/forwarded 153ms (cache miss)
153 http fetch GET 200 https://registry.npmjs.org/iconv-lite 163ms (cache miss)
154 http fetch GET 200 https://registry.npmjs.org/toidentifier 159ms (cache miss)
155 http fetch GET 200 https://registry.npmjs.org/media-typer 152ms (cache miss)
156 http fetch GET 200 https://registry.npmjs.org/bytes 169ms (cache miss)
157 http fetch GET 200 https://registry.npmjs.org/destroy 169ms (cache miss)
158 http fetch GET 200 https://registry.npmjs.org/side-channel 157ms (cache miss)
159 http fetch GET 200 https://registry.npmjs.org/mime-types 173ms (cache miss)
160 http fetch GET 200 https://registry.npmjs.org/ipaddr.js 160ms (cache miss)
161 http fetch GET 200 https://registry.npmjs.org/negotiator 174ms (cache miss)
162 http fetch GET 200 https://registry.npmjs.org/raw-body 171ms (cache miss)
163 http fetch GET 200 https://registry.npmjs.org/mime 161ms (cache miss)
164 timing idealTree:node_modules/express Completed in 277ms
165 silly placeDep ROOT mime-types@2.1.35 OK for: accepts@1.3.8 want: ~2.1.34
166 silly placeDep ROOT negotiator@0.6.3 OK for: accepts@1.3.8 want: 0.6.3
167 silly fetch manifest mime-db@1.52.0
168 http fetch GET 200 https://registry.npmjs.org/mime-db 25ms (cache miss)
169 timing idealTree:node_modules/accepts Completed in 32ms
170 timing idealTree:node_modules/array-flatten Completed in 0ms
171 silly placeDep ROOT bytes@3.1.2 OK for: body-parser@1.20.2 want: 3.1.2
172 silly placeDep ROOT destroy@1.2.0 OK for: body-parser@1.20.2 want: 1.2.0
173 silly placeDep ROOT iconv-lite@0.4.24 OK for: body-parser@1.20.2 want: 0.4.24
174 silly placeDep ROOT raw-body@2.5.2 OK for: body-parser@1.20.2 want: 2.5.2
175 silly placeDep ROOT unpipe@1.0.0 OK for: body-parser@1.20.2 want: 1.0.0
176 silly fetch manifest safer-buffer@>= 2.1.2 < 3
177 http fetch GET 200 https://registry.npmjs.org/safer-buffer 27ms (cache miss)
178 timing idealTree:node_modules/body-parser Completed in 43ms
179 timing idealTree:node_modules/bytes Completed in 0ms
180 timing idealTree:node_modules/content-disposition Completed in 0ms
181 timing idealTree:node_modules/content-type Completed in 0ms
182 timing idealTree:node_modules/cookie Completed in 0ms
183 timing idealTree:node_modules/cookie-signature Completed in 0ms
184 silly placeDep ROOT ms@2.0.0 OK for: debug@2.6.9 want: 2.0.0
185 timing idealTree:node_modules/debug Completed in 2ms
186 timing idealTree:node_modules/depd Completed in 0ms
187 timing idealTree:node_modules/destroy Completed in 0ms
188 timing idealTree:node_modules/encodeurl Completed in 0ms
189 timing idealTree:node_modules/escape-html Completed in 0ms
190 timing idealTree:node_modules/etag Completed in 0ms
191 timing idealTree:node_modules/finalhandler Completed in 0ms
192 timing idealTree:node_modules/fresh Completed in 0ms
193 silly placeDep ROOT inherits@2.0.4 OK for: http-errors@2.0.0 want: 2.0.4
194 silly placeDep ROOT toidentifier@1.0.1 OK for: http-errors@2.0.0 want: 1.0.1
195 timing idealTree:node_modules/http-errors Completed in 3ms
196 silly placeDep ROOT safer-buffer@2.1.2 OK for: iconv-lite@0.4.24 want: >= 2.1.2 < 3
197 timing idealTree:node_modules/iconv-lite Completed in 1ms
198 timing idealTree:node_modules/inherits Completed in 0ms
199 timing idealTree:node_modules/merge-descriptors Completed in 0ms
200 timing idealTree:node_modules/methods Completed in 0ms
201 silly placeDep ROOT mime-db@1.52.0 OK for: mime-types@2.1.35 want: 1.52.0
202 timing idealTree:node_modules/mime-types Completed in 1ms
203 timing idealTree:node_modules/mime-db Completed in 1ms
204 timing idealTree:node_modules/ms Completed in 0ms
205 timing idealTree:node_modules/negotiator Completed in 0ms
206 silly placeDep ROOT ee-first@1.1.1 OK for: on-finished@2.4.1 want: 1.1.1
207 timing idealTree:node_modules/on-finished Completed in 1ms
208 timing idealTree:node_modules/ee-first Completed in 0ms
209 timing idealTree:node_modules/parseurl Completed in 0ms
210 timing idealTree:node_modules/path-to-regexp Completed in 0ms
211 silly placeDep ROOT forwarded@0.2.0 OK for: proxy-addr@2.0.7 want: 0.2.0
212 silly placeDep ROOT ipaddr.js@1.9.1 OK for: proxy-addr@2.0.7 want: 1.9.1
213 timing idealTree:node_modules/proxy-addr Completed in 3ms
214 timing idealTree:node_modules/forwarded Completed in 0ms
215 timing idealTree:node_modules/ipaddr.js Completed in 0ms
216 silly placeDep ROOT side-channel@1.0.6 OK for: qs@6.11.0 want: ^1.0.4
217 silly fetch manifest call-bind@^1.0.7
218 silly fetch manifest es-errors@^1.3.0
219 silly fetch manifest get-intrinsic@^1.2.4
220 silly fetch manifest object-inspect@^1.13.1
221 http fetch GET 200 https://registry.npmjs.org/call-bind 51ms (cache miss)
222 http fetch GET 200 https://registry.npmjs.org/get-intrinsic 51ms (cache miss)
223 http fetch GET 200 https://registry.npmjs.org/es-errors 52ms (cache miss)
224 http fetch GET 200 https://registry.npmjs.org/object-inspect 53ms (cache miss)
225 timing idealTree:node_modules/qs Completed in 58ms
226 timing idealTree:node_modules/range-parser Completed in 0ms
227 timing idealTree:node_modules/raw-body Completed in 0ms
228 timing idealTree:node_modules/safe-buffer Completed in 0ms
229 timing idealTree:node_modules/safer-buffer Completed in 0ms
230 silly placeDep ROOT mime@1.6.0 OK for: send@0.18.0 want: 1.6.0
231 silly placeDep node_modules/send ms@2.1.3 OK for: send@0.18.0 want: 2.1.3
232 timing idealTree:node_modules/send Completed in 6ms
233 timing idealTree:node_modules/mime Completed in 0ms
234 timing idealTree:node_modules/serve-static Completed in 0ms
235 timing idealTree:node_modules/setprototypeof Completed in 0ms
236 silly placeDep ROOT call-bind@1.0.7 OK for: side-channel@1.0.6 want: ^1.0.7
237 silly placeDep ROOT es-errors@1.3.0 OK for: side-channel@1.0.6 want: ^1.3.0
238 silly placeDep ROOT get-intrinsic@1.2.4 OK for: side-channel@1.0.6 want: ^1.2.4
239 silly placeDep ROOT object-inspect@1.13.1 OK for: side-channel@1.0.6 want: ^1.13.1
240 silly fetch manifest es-define-property@^1.0.0
241 silly fetch manifest function-bind@^1.1.2
242 silly fetch manifest set-function-length@^1.2.1
243 silly fetch manifest has-proto@^1.0.1
244 silly fetch manifest has-symbols@^1.0.3
245 silly fetch manifest hasown@^2.0.0
246 http fetch GET 200 https://registry.npmjs.org/es-define-property 56ms (cache miss)
247 http fetch GET 200 https://registry.npmjs.org/has-proto 53ms (cache miss)
248 http fetch GET 200 https://registry.npmjs.org/set-function-length 55ms (cache miss)
249 http fetch GET 200 https://registry.npmjs.org/function-bind 57ms (cache miss)
250 http fetch GET 200 https://registry.npmjs.org/hasown 51ms (cache miss)
251 http fetch GET 200 https://registry.npmjs.org/has-symbols 53ms (cache miss)
252 timing idealTree:node_modules/side-channel Completed in 81ms
253 silly placeDep ROOT es-define-property@1.0.0 OK for: call-bind@1.0.7 want: ^1.0.0
254 silly placeDep ROOT function-bind@1.1.2 OK for: call-bind@1.0.7 want: ^1.1.2
255 silly placeDep ROOT set-function-length@1.2.2 OK for: call-bind@1.0.7 want: ^1.2.1
256 silly fetch manifest define-data-property@^1.1.4
257 silly fetch manifest gopd@^1.0.1
258 silly fetch manifest has-property-descriptors@^1.0.2
259 http fetch GET 200 https://registry.npmjs.org/gopd 33ms (cache miss)
260 http fetch GET 200 https://registry.npmjs.org/define-data-property 33ms (cache miss)
261 http fetch GET 200 https://registry.npmjs.org/has-property-descriptors 36ms (cache miss)
262 timing idealTree:node_modules/call-bind Completed in 49ms
263 timing idealTree:node_modules/es-define-property Completed in 0ms
264 timing idealTree:node_modules/es-errors Completed in 0ms
265 timing idealTree:node_modules/function-bind Completed in 0ms
266 silly placeDep ROOT has-proto@1.0.3 OK for: get-intrinsic@1.2.4 want: ^1.0.1
267 silly placeDep ROOT has-symbols@1.0.3 OK for: get-intrinsic@1.2.4 want: ^1.0.3
268 silly placeDep ROOT hasown@2.0.2 OK for: get-intrinsic@1.2.4 want: ^2.0.0
269 timing idealTree:node_modules/get-intrinsic Completed in 12ms
270 timing idealTree:node_modules/has-proto Completed in 0ms
271 timing idealTree:node_modules/has-symbols Completed in 0ms
272 timing idealTree:node_modules/hasown Completed in 0ms
273 timing idealTree:node_modules/object-inspect Completed in 0ms
274 silly placeDep ROOT define-data-property@1.1.4 OK for: set-function-length@1.2.2 want: ^1.1.4
275 silly placeDep ROOT gopd@1.0.1 OK for: set-function-length@1.2.2 want: ^1.0.1
276 silly placeDep ROOT has-property-descriptors@1.0.2 OK for: set-function-length@1.2.2 want: ^1.0.2
277 timing idealTree:node_modules/set-function-length Completed in 12ms
278 timing idealTree:node_modules/define-data-property Completed in 0ms
279 timing idealTree:node_modules/gopd Completed in 0ms
280 timing idealTree:node_modules/has-property-descriptors Completed in 0ms
281 timing idealTree:node_modules/statuses Completed in 0ms
282 timing idealTree:node_modules/toidentifier Completed in 0ms
283 silly placeDep ROOT media-typer@0.3.0 OK for: type-is@1.6.18 want: 0.3.0
284 timing idealTree:node_modules/type-is Completed in 2ms
285 timing idealTree:node_modules/media-typer Completed in 0ms
286 timing idealTree:node_modules/unpipe Completed in 0ms
287 timing idealTree:node_modules/utils-merge Completed in 0ms
288 timing idealTree:node_modules/vary Completed in 0ms
289 timing idealTree:node_modules/send/node_modules/ms Completed in 0ms
290 timing idealTree:buildDeps Completed in 1183ms
291 timing idealTree:fixDepFlags Completed in 2ms
292 timing idealTree Completed in 1210ms
293 timing reify:loadTrees Completed in 1211ms
294 timing reify:diffTrees Completed in 3ms
295 silly reify moves {}
296 timing reify:retireShallow Completed in 1ms
297 timing reify:createSparse Completed in 21ms
298 timing reify:loadBundles Completed in 0ms
299 silly audit bulk request {
299 silly audit   express: [ '4.19.2' ],
299 silly audit   accepts: [ '1.3.8' ],
299 silly audit   'array-flatten': [ '1.1.1' ],
299 silly audit   'body-parser': [ '1.20.2' ],
299 silly audit   'content-disposition': [ '0.5.4' ],
299 silly audit   'content-type': [ '1.0.5' ],
299 silly audit   cookie: [ '0.6.0' ],
299 silly audit   'cookie-signature': [ '1.0.6' ],
299 silly audit   debug: [ '2.6.9' ],
299 silly audit   depd: [ '2.0.0' ],
299 silly audit   encodeurl: [ '1.0.2' ],
299 silly audit   'escape-html': [ '1.0.3' ],
299 silly audit   etag: [ '1.8.1' ],
299 silly audit   finalhandler: [ '1.2.0' ],
299 silly audit   fresh: [ '0.5.2' ],
299 silly audit   'http-errors': [ '2.0.0' ],
299 silly audit   'merge-descriptors': [ '1.0.1' ],
299 silly audit   methods: [ '1.1.2' ],
299 silly audit   'on-finished': [ '2.4.1' ],
299 silly audit   parseurl: [ '1.3.3' ],
299 silly audit   'path-to-regexp': [ '0.1.7' ],
299 silly audit   'proxy-addr': [ '2.0.7' ],
299 silly audit   qs: [ '6.11.0' ],
299 silly audit   'range-parser': [ '1.2.1' ],
299 silly audit   'safe-buffer': [ '5.2.1' ],
299 silly audit   send: [ '0.18.0' ],
299 silly audit   'serve-static': [ '1.15.0' ],
299 silly audit   setprototypeof: [ '1.2.0' ],
299 silly audit   statuses: [ '2.0.1' ],
299 silly audit   'type-is': [ '1.6.18' ],
299 silly audit   'utils-merge': [ '1.0.1' ],
299 silly audit   vary: [ '1.1.2' ],
299 silly audit   'mime-types': [ '2.1.35' ],
299 silly audit   negotiator: [ '0.6.3' ],
299 silly audit   bytes: [ '3.1.2' ],
299 silly audit   destroy: [ '1.2.0' ],
299 silly audit   'iconv-lite': [ '0.4.24' ],
299 silly audit   'raw-body': [ '2.5.2' ],
299 silly audit   unpipe: [ '1.0.0' ],
299 silly audit   ms: [ '2.0.0', '2.1.3' ],
299 silly audit   inherits: [ '2.0.4' ],
299 silly audit   toidentifier: [ '1.0.1' ],
299 silly audit   'safer-buffer': [ '2.1.2' ],
299 silly audit   'mime-db': [ '1.52.0' ],
299 silly audit   'ee-first': [ '1.1.1' ],
299 silly audit   forwarded: [ '0.2.0' ],
299 silly audit   'ipaddr.js': [ '1.9.1' ],
299 silly audit   'side-channel': [ '1.0.6' ],
299 silly audit   mime: [ '1.6.0' ],
299 silly audit   'call-bind': [ '1.0.7' ],
299 silly audit   'es-errors': [ '1.3.0' ],
299 silly audit   'get-intrinsic': [ '1.2.4' ],
299 silly audit   'object-inspect': [ '1.13.1' ],
299 silly audit   'es-define-property': [ '1.0.0' ],
299 silly audit   'function-bind': [ '1.1.2' ],
299 silly audit   'set-function-length': [ '1.2.2' ],
299 silly audit   'has-proto': [ '1.0.3' ],
299 silly audit   'has-symbols': [ '1.0.3' ],
299 silly audit   hasown: [ '2.0.2' ],
299 silly audit   'define-data-property': [ '1.1.4' ],
299 silly audit   gopd: [ '1.0.1' ],
299 silly audit   'has-property-descriptors': [ '1.0.2' ],
299 silly audit   'media-typer': [ '0.3.0' ]
299 silly audit }
300 silly tarball no local data for media-typer@https://registry.npmjs.org/media-typer/-/media-typer-0.3.0.tgz. Extracting by manifest.
301 silly tarball no local data for has-property-descriptors@https://registry.npmjs.org/has-property-descriptors/-/has-property-descriptors-1.0.2.tgz. Extracting by manifest.
302 silly tarball no local data for gopd@https://registry.npmjs.org/gopd/-/gopd-1.0.1.tgz. Extracting by manifest.
303 silly tarball no local data for define-data-property@https://registry.npmjs.org/define-data-property/-/define-data-property-1.1.4.tgz. Extracting by manifest.
304 silly tarball no local data for hasown@https://registry.npmjs.org/hasown/-/hasown-2.0.2.tgz. Extracting by manifest.
305 silly tarball no local data for has-symbols@https://registry.npmjs.org/has-symbols/-/has-symbols-1.0.3.tgz. Extracting by manifest.
306 silly tarball no local data for has-proto@https://registry.npmjs.org/has-proto/-/has-proto-1.0.3.tgz. Extracting by manifest.
307 silly tarball no local data for set-function-length@https://registry.npmjs.org/set-function-length/-/set-function-length-1.2.2.tgz. Extracting by manifest.
308 silly tarball no local data for function-bind@https://registry.npmjs.org/function-bind/-/function-bind-1.1.2.tgz. Extracting by manifest.
309 silly tarball no local data for es-define-property@https://registry.npmjs.org/es-define-property/-/es-define-property-1.0.0.tgz. Extracting by manifest.
310 silly tarball no local data for object-inspect@https://registry.npmjs.org/object-inspect/-/object-inspect-1.13.1.tgz. Extracting by manifest.
311 silly tarball no local data for get-intrinsic@https://registry.npmjs.org/get-intrinsic/-/get-intrinsic-1.2.4.tgz. Extracting by manifest.
312 silly tarball no local data for es-errors@https://registry.npmjs.org/es-errors/-/es-errors-1.3.0.tgz. Extracting by manifest.
313 silly tarball no local data for call-bind@https://registry.npmjs.org/call-bind/-/call-bind-1.0.7.tgz. Extracting by manifest.
314 silly tarball no local data for mime@https://registry.npmjs.org/mime/-/mime-1.6.0.tgz. Extracting by manifest.
315 silly tarball no local data for side-channel@https://registry.npmjs.org/side-channel/-/side-channel-1.0.6.tgz. Extracting by manifest.
316 silly tarball no local data for ipaddr.js@https://registry.npmjs.org/ipaddr.js/-/ipaddr.js-1.9.1.tgz. Extracting by manifest.
317 silly tarball no local data for forwarded@https://registry.npmjs.org/forwarded/-/forwarded-0.2.0.tgz. Extracting by manifest.
318 silly tarball no local data for ee-first@https://registry.npmjs.org/ee-first/-/ee-first-1.1.1.tgz. Extracting by manifest.
319 silly tarball no local data for mime-db@https://registry.npmjs.org/mime-db/-/mime-db-1.52.0.tgz. Extracting by manifest.
320 silly tarball no local data for safer-buffer@https://registry.npmjs.org/safer-buffer/-/safer-buffer-2.1.2.tgz. Extracting by manifest.
321 silly tarball no local data for toidentifier@https://registry.npmjs.org/toidentifier/-/toidentifier-1.0.1.tgz. Extracting by manifest.
322 silly tarball no local data for inherits@https://registry.npmjs.org/inherits/-/inherits-2.0.4.tgz. Extracting by manifest.
323 silly tarball no local data for ms@https://registry.npmjs.org/ms/-/ms-2.0.0.tgz. Extracting by manifest.
324 silly tarball no local data for unpipe@https://registry.npmjs.org/unpipe/-/unpipe-1.0.0.tgz. Extracting by manifest.
325 silly tarball no local data for raw-body@https://registry.npmjs.org/raw-body/-/raw-body-2.5.2.tgz. Extracting by manifest.
326 silly tarball no local data for iconv-lite@https://registry.npmjs.org/iconv-lite/-/iconv-lite-0.4.24.tgz. Extracting by manifest.
327 silly tarball no local data for destroy@https://registry.npmjs.org/destroy/-/destroy-1.2.0.tgz. Extracting by manifest.
328 silly tarball no local data for bytes@https://registry.npmjs.org/bytes/-/bytes-3.1.2.tgz. Extracting by manifest.
329 silly tarball no local data for negotiator@https://registry.npmjs.org/negotiator/-/negotiator-0.6.3.tgz. Extracting by manifest.
330 silly tarball no local data for mime-types@https://registry.npmjs.org/mime-types/-/mime-types-2.1.35.tgz. Extracting by manifest.
331 silly tarball no local data for vary@https://registry.npmjs.org/vary/-/vary-1.1.2.tgz. Extracting by manifest.
332 silly tarball no local data for utils-merge@https://registry.npmjs.org/utils-merge/-/utils-merge-1.0.1.tgz. Extracting by manifest.
333 silly tarball no local data for type-is@https://registry.npmjs.org/type-is/-/type-is-1.6.18.tgz. Extracting by manifest.
334 silly tarball no local data for statuses@https://registry.npmjs.org/statuses/-/statuses-2.0.1.tgz. Extracting by manifest.
335 silly tarball no local data for setprototypeof@https://registry.npmjs.org/setprototypeof/-/setprototypeof-1.2.0.tgz. Extracting by manifest.
336 silly tarball no local data for serve-static@https://registry.npmjs.org/serve-static/-/serve-static-1.15.0.tgz. Extracting by manifest.
337 silly tarball no local data for send@https://registry.npmjs.org/send/-/send-0.18.0.tgz. Extracting by manifest.
338 silly tarball no local data for safe-buffer@https://registry.npmjs.org/safe-buffer/-/safe-buffer-5.2.1.tgz. Extracting by manifest.
339 silly tarball no local data for range-parser@https://registry.npmjs.org/range-parser/-/range-parser-1.2.1.tgz. Extracting by manifest.
340 silly tarball no local data for qs@https://registry.npmjs.org/qs/-/qs-6.11.0.tgz. Extracting by manifest.
341 silly tarball no local data for proxy-addr@https://registry.npmjs.org/proxy-addr/-/proxy-addr-2.0.7.tgz. Extracting by manifest.
342 silly tarball no local data for path-to-regexp@https://registry.npmjs.org/path-to-regexp/-/path-to-regexp-0.1.7.tgz. Extracting by manifest.
343 silly tarball no local data for parseurl@https://registry.npmjs.org/parseurl/-/parseurl-1.3.3.tgz. Extracting by manifest.
344 silly tarball no local data for on-finished@https://registry.npmjs.org/on-finished/-/on-finished-2.4.1.tgz. Extracting by manifest.
345 silly tarball no local data for methods@https://registry.npmjs.org/methods/-/methods-1.1.2.tgz. Extracting by manifest.
346 silly tarball no local data for merge-descriptors@https://registry.npmjs.org/merge-descriptors/-/merge-descriptors-1.0.1.tgz. Extracting by manifest.
347 silly tarball no local data for http-errors@https://registry.npmjs.org/http-errors/-/http-errors-2.0.0.tgz. Extracting by manifest.
348 silly tarball no local data for fresh@https://registry.npmjs.org/fresh/-/fresh-0.5.2.tgz. Extracting by manifest.
349 silly tarball no local data for finalhandler@https://registry.npmjs.org/finalhandler/-/finalhandler-1.2.0.tgz. Extracting by manifest.
350 silly tarball no local data for etag@https://registry.npmjs.org/etag/-/etag-1.8.1.tgz. Extracting by manifest.
351 silly tarball no local data for escape-html@https://registry.npmjs.org/escape-html/-/escape-html-1.0.3.tgz. Extracting by manifest.
352 silly tarball no local data for encodeurl@https://registry.npmjs.org/encodeurl/-/encodeurl-1.0.2.tgz. Extracting by manifest.
353 silly tarball no local data for depd@https://registry.npmjs.org/depd/-/depd-2.0.0.tgz. Extracting by manifest.
354 silly tarball no local data for debug@https://registry.npmjs.org/debug/-/debug-2.6.9.tgz. Extracting by manifest.
355 silly tarball no local data for cookie-signature@https://registry.npmjs.org/cookie-signature/-/cookie-signature-1.0.6.tgz. Extracting by manifest.
356 silly tarball no local data for cookie@https://registry.npmjs.org/cookie/-/cookie-0.6.0.tgz. Extracting by manifest.
357 silly tarball no local data for content-type@https://registry.npmjs.org/content-type/-/content-type-1.0.5.tgz. Extracting by manifest.
358 silly tarball no local data for content-disposition@https://registry.npmjs.org/content-disposition/-/content-disposition-0.5.4.tgz. Extracting by manifest.
359 silly tarball no local data for body-parser@https://registry.npmjs.org/body-parser/-/body-parser-1.20.2.tgz. Extracting by manifest.
360 silly tarball no local data for array-flatten@https://registry.npmjs.org/array-flatten/-/array-flatten-1.1.1.tgz. Extracting by manifest.
361 silly tarball no local data for accepts@https://registry.npmjs.org/accepts/-/accepts-1.3.8.tgz. Extracting by manifest.
362 silly tarball no local data for express@https://registry.npmjs.org/express/-/express-4.19.2.tgz. Extracting by manifest.
363 silly tarball no local data for ms@https://registry.npmjs.org/ms/-/ms-2.1.3.tgz. Extracting by manifest.
364 http fetch POST 200 https://registry.npmjs.org/-/npm/v1/security/advisories/bulk 1185ms
365 timing auditReport:getReport Completed in 1192ms
366 silly audit report {}
367 timing auditReport:init Completed in 0ms
368 timing reify:audit Completed in 1195ms
369 http fetch GET 200 https://registry.npmjs.org/utils-merge/-/utils-merge-1.0.1.tgz 957ms (cache miss)
370 timing reifyNode:node_modules/utils-merge Completed in 1358ms
371 http fetch GET 200 https://registry.npmjs.org/gopd/-/gopd-1.0.1.tgz 1257ms (cache miss)
372 timing reifyNode:node_modules/gopd Completed in 1376ms
373 http fetch GET 200 https://registry.npmjs.org/methods/-/methods-1.1.2.tgz 882ms (cache miss)
374 timing reifyNode:node_modules/methods Completed in 1386ms
375 http fetch GET 200 https://registry.npmjs.org/setprototypeof/-/setprototypeof-1.2.0.tgz 975ms (cache miss)
376 timing reifyNode:node_modules/setprototypeof Completed in 1390ms
377 http fetch GET 200 https://registry.npmjs.org/range-parser/-/range-parser-1.2.1.tgz 924ms (cache miss)
378 timing reifyNode:node_modules/range-parser Completed in 1396ms
379 http fetch GET 200 https://registry.npmjs.org/forwarded/-/forwarded-0.2.0.tgz 1207ms (cache miss)
380 timing reifyNode:node_modules/forwarded Completed in 1450ms
381 http fetch GET 200 https://registry.npmjs.org/toidentifier/-/toidentifier-1.0.1.tgz 1156ms (cache miss)
382 timing reifyNode:node_modules/toidentifier Completed in 1455ms
383 http fetch GET 200 https://registry.npmjs.org/cookie-signature/-/cookie-signature-1.0.6.tgz 857ms (cache miss)
384 timing reifyNode:node_modules/cookie-signature Completed in 1467ms
385 http fetch GET 200 https://registry.npmjs.org/path-to-regexp/-/path-to-regexp-0.1.7.tgz 988ms (cache miss)
386 timing reifyNode:node_modules/path-to-regexp Completed in 1476ms
387 http fetch GET 200 https://registry.npmjs.org/ee-first/-/ee-first-1.1.1.tgz 1240ms (cache miss)
388 timing reifyNode:node_modules/ee-first Completed in 1490ms
389 http fetch GET 200 https://registry.npmjs.org/mime-types/-/mime-types-2.1.35.tgz 1106ms (cache miss)
390 timing reifyNode:node_modules/mime-types Completed in 1494ms
391 http fetch GET 200 https://registry.npmjs.org/escape-html/-/escape-html-1.0.3.tgz 912ms (cache miss)
392 timing reifyNode:node_modules/escape-html Completed in 1499ms
393 http fetch GET 200 https://registry.npmjs.org/ms/-/ms-2.1.3.tgz 813ms (cache miss)
394 timing reifyNode:node_modules/send/node_modules/ms Completed in 1512ms
395 http fetch GET 200 https://registry.npmjs.org/content-type/-/content-type-1.0.5.tgz 878ms (cache miss)
396 timing reifyNode:node_modules/content-type Completed in 1517ms
397 http fetch GET 200 https://registry.npmjs.org/array-flatten/-/array-flatten-1.1.1.tgz 881ms (cache miss)
398 timing reifyNode:node_modules/array-flatten Completed in 1553ms
399 http fetch GET 200 https://registry.npmjs.org/media-typer/-/media-typer-0.3.0.tgz 1475ms (cache miss)
400 timing reifyNode:node_modules/media-typer Completed in 1573ms
401 http fetch GET 200 https://registry.npmjs.org/inherits/-/inherits-2.0.4.tgz 1280ms (cache miss)
402 timing reifyNode:node_modules/inherits Completed in 1584ms
403 http fetch GET 200 https://registry.npmjs.org/ms/-/ms-2.0.0.tgz 1279ms (cache miss)
404 timing reifyNode:node_modules/ms Completed in 1588ms
405 http fetch GET 200 https://registry.npmjs.org/on-finished/-/on-finished-2.4.1.tgz 1095ms (cache miss)
406 timing reifyNode:node_modules/on-finished Completed in 1593ms
407 http fetch GET 200 https://registry.npmjs.org/statuses/-/statuses-2.0.1.tgz 1188ms (cache miss)
408 timing reifyNode:node_modules/statuses Completed in 1599ms
409 http fetch GET 200 https://registry.npmjs.org/fresh/-/fresh-0.5.2.tgz 1032ms (cache miss)
410 timing reifyNode:node_modules/fresh Completed in 1602ms
411 http fetch GET 200 https://registry.npmjs.org/etag/-/etag-1.8.1.tgz 1027ms (cache miss)
412 timing reifyNode:node_modules/etag Completed in 1608ms
413 http fetch GET 200 https://registry.npmjs.org/vary/-/vary-1.1.2.tgz 1271ms (cache miss)
414 timing reifyNode:node_modules/vary Completed in 1665ms
415 http fetch GET 200 https://registry.npmjs.org/destroy/-/destroy-1.2.0.tgz 1337ms (cache miss)
416 timing reifyNode:node_modules/destroy Completed in 1672ms
417 http fetch GET 200 https://registry.npmjs.org/bytes/-/bytes-3.1.2.tgz 1338ms (cache miss)
418 timing reifyNode:node_modules/bytes Completed in 1678ms
419 http fetch GET 200 https://registry.npmjs.org/parseurl/-/parseurl-1.3.3.tgz 1187ms (cache miss)
420 timing reifyNode:node_modules/parseurl Completed in 1682ms
421 http fetch GET 200 https://registry.npmjs.org/serve-static/-/serve-static-1.15.0.tgz 1265ms (cache miss)
422 timing reifyNode:node_modules/serve-static Completed in 1687ms
423 http fetch GET 200 https://registry.npmjs.org/unpipe/-/unpipe-1.0.0.tgz 1381ms (cache miss)
424 timing reifyNode:node_modules/unpipe Completed in 1696ms
425 http fetch GET 200 https://registry.npmjs.org/negotiator/-/negotiator-0.6.3.tgz 1319ms (cache miss)
426 timing reifyNode:node_modules/negotiator Completed in 1701ms
427 http fetch GET 200 https://registry.npmjs.org/type-is/-/type-is-1.6.18.tgz 1301ms (cache miss)
428 timing reifyNode:node_modules/type-is Completed in 1706ms
429 http fetch GET 200 https://registry.npmjs.org/encodeurl/-/encodeurl-1.0.2.tgz 1118ms (cache miss)
430 timing reifyNode:node_modules/encodeurl Completed in 1710ms
431 http fetch GET 200 https://registry.npmjs.org/finalhandler/-/finalhandler-1.2.0.tgz 1182ms (cache miss)
432 timing reifyNode:node_modules/finalhandler Completed in 1758ms
433 http fetch GET 200 https://registry.npmjs.org/proxy-addr/-/proxy-addr-2.0.7.tgz 1284ms (cache miss)
434 timing reifyNode:node_modules/proxy-addr Completed in 1767ms
435 http fetch GET 200 https://registry.npmjs.org/safe-buffer/-/safe-buffer-5.2.1.tgz 1322ms (cache miss)
436 timing reifyNode:node_modules/safe-buffer Completed in 1772ms
437 http fetch GET 200 https://registry.npmjs.org/merge-descriptors/-/merge-descriptors-1.0.1.tgz 1261ms (cache miss)
438 timing reifyNode:node_modules/merge-descriptors Completed in 1776ms
439 http fetch GET 200 https://registry.npmjs.org/hasown/-/hasown-2.0.2.tgz 1657ms (cache miss)
440 timing reifyNode:node_modules/hasown Completed in 1786ms
441 http fetch GET 200 https://registry.npmjs.org/side-channel/-/side-channel-1.0.6.tgz 1561ms (cache miss)
442 timing reifyNode:node_modules/side-channel Completed in 1791ms
443 http fetch GET 200 https://registry.npmjs.org/raw-body/-/raw-body-2.5.2.tgz 1475ms (cache miss)
444 timing reifyNode:node_modules/raw-body Completed in 1794ms
445 http fetch GET 200 https://registry.npmjs.org/depd/-/depd-2.0.0.tgz 1201ms (cache miss)
446 timing reifyNode:node_modules/depd Completed in 1799ms
447 http fetch GET 200 https://registry.npmjs.org/http-errors/-/http-errors-2.0.0.tgz 1276ms (cache miss)
448 timing reifyNode:node_modules/http-errors Completed in 1803ms
449 http fetch GET 200 https://registry.npmjs.org/has-property-descriptors/-/has-property-descriptors-1.0.2.tgz 1741ms (cache miss)
450 timing reifyNode:node_modules/has-property-descriptors Completed in 1852ms
451 http fetch GET 200 https://registry.npmjs.org/has-proto/-/has-proto-1.0.3.tgz 1713ms (cache miss)
452 timing reifyNode:node_modules/has-proto Completed in 1855ms
453 http fetch GET 200 https://registry.npmjs.org/set-function-length/-/set-function-length-1.2.2.tgz 1711ms (cache miss)
454 timing reifyNode:node_modules/set-function-length Completed in 1860ms
455 http fetch GET 200 https://registry.npmjs.org/es-define-property/-/es-define-property-1.0.0.tgz 1704ms (cache miss)
456 timing reifyNode:node_modules/es-define-property Completed in 1865ms
457 http fetch GET 200 https://registry.npmjs.org/accepts/-/accepts-1.3.8.tgz 1189ms (cache miss)
458 timing reifyNode:node_modules/accepts Completed in 1867ms
459 http fetch GET 200 https://registry.npmjs.org/content-disposition/-/content-disposition-0.5.4.tgz 1211ms (cache miss)
460 timing reifyNode:node_modules/content-disposition Completed in 1872ms
461 http fetch GET 200 https://registry.npmjs.org/get-intrinsic/-/get-intrinsic-1.2.4.tgz 1676ms (cache miss)
462 timing reifyNode:node_modules/get-intrinsic Completed in 1883ms
463 http fetch GET 200 https://registry.npmjs.org/call-bind/-/call-bind-1.0.7.tgz 1669ms (cache miss)
464 timing reifyNode:node_modules/call-bind Completed in 1887ms
465 http fetch GET 200 https://registry.npmjs.org/cookie/-/cookie-0.6.0.tgz 1274ms (cache miss)
466 timing reifyNode:node_modules/cookie Completed in 1889ms
467 http fetch GET 200 https://registry.npmjs.org/define-data-property/-/define-data-property-1.1.4.tgz 1810ms (cache miss)
468 timing reifyNode:node_modules/define-data-property Completed in 1933ms
469 http fetch GET 200 https://registry.npmjs.org/ipaddr.js/-/ipaddr.js-1.9.1.tgz 1700ms (cache miss)
470 timing reifyNode:node_modules/ipaddr.js Completed in 1937ms
471 http fetch GET 200 https://registry.npmjs.org/mime/-/mime-1.6.0.tgz 1725ms (cache miss)
472 timing reifyNode:node_modules/mime Completed in 1949ms
473 http fetch GET 200 https://registry.npmjs.org/safer-buffer/-/safer-buffer-2.1.2.tgz 1660ms (cache miss)
474 timing reifyNode:node_modules/safer-buffer Completed in 1953ms
475 http fetch GET 200 https://registry.npmjs.org/function-bind/-/function-bind-1.1.2.tgz 1805ms (cache miss)
476 timing reifyNode:node_modules/function-bind Completed in 1962ms
477 http fetch GET 200 https://registry.npmjs.org/has-symbols/-/has-symbols-1.0.3.tgz 1833ms (cache miss)
478 timing reifyNode:node_modules/has-symbols Completed in 1968ms
479 http fetch GET 200 https://registry.npmjs.org/send/-/send-0.18.0.tgz 1546ms (cache miss)
480 timing reifyNode:node_modules/send Completed in 1972ms
481 http fetch GET 200 https://registry.npmjs.org/debug/-/debug-2.6.9.tgz 1376ms (cache miss)
482 timing reifyNode:node_modules/debug Completed in 1981ms
483 http fetch GET 200 https://registry.npmjs.org/mime-db/-/mime-db-1.52.0.tgz 1745ms (cache miss)
484 timing reifyNode:node_modules/mime-db Completed in 2026ms
485 http fetch GET 200 https://registry.npmjs.org/body-parser/-/body-parser-1.20.2.tgz 1366ms (cache miss)
486 timing reifyNode:node_modules/body-parser Completed in 2039ms
487 http fetch GET 200 https://registry.npmjs.org/es-errors/-/es-errors-1.3.0.tgz 1838ms (cache miss)
488 timing reifyNode:node_modules/es-errors Completed in 2051ms
489 http fetch GET 200 https://registry.npmjs.org/express/-/express-4.19.2.tgz 1380ms (cache miss)
490 timing reifyNode:node_modules/express Completed in 2063ms
491 http fetch GET 200 https://registry.npmjs.org/qs/-/qs-6.11.0.tgz 1603ms (cache miss)
492 timing reifyNode:node_modules/qs Completed in 2080ms
493 http fetch GET 200 https://registry.npmjs.org/object-inspect/-/object-inspect-1.13.1.tgz 1889ms (cache miss)
494 timing reifyNode:node_modules/object-inspect Completed in 2091ms
495 http fetch GET 200 https://registry.npmjs.org/iconv-lite/-/iconv-lite-0.4.24.tgz 1767ms (cache miss)
496 timing reifyNode:node_modules/iconv-lite Completed in 2095ms
497 timing reify:unpack Completed in 2098ms
498 timing reify:unretire Completed in 1ms
499 timing build:queue Completed in 3ms
500 timing build:link:node_modules/mime Completed in 4ms
501 timing build:link Completed in 4ms
502 timing build:deps Completed in 9ms
503 timing build Completed in 11ms
504 timing reify:build Completed in 12ms
505 timing reify:trash Completed in 0ms
506 timing reify:save Completed in 61ms
507 timing reify Completed in 3462ms
508 silly ADD node_modules/media-typer
509 silly ADD node_modules/has-property-descriptors
510 silly ADD node_modules/gopd
511 silly ADD node_modules/define-data-property
512 silly ADD node_modules/hasown
513 silly ADD node_modules/has-symbols
514 silly ADD node_modules/has-proto
515 silly ADD node_modules/set-function-length
516 silly ADD node_modules/function-bind
517 silly ADD node_modules/es-define-property
518 silly ADD node_modules/object-inspect
519 silly ADD node_modules/get-intrinsic
520 silly ADD node_modules/es-errors
521 silly ADD node_modules/call-bind
522 silly ADD node_modules/mime
523 silly ADD node_modules/side-channel
524 silly ADD node_modules/ipaddr.js
525 silly ADD node_modules/forwarded
526 silly ADD node_modules/ee-first
527 silly ADD node_modules/mime-db
528 silly ADD node_modules/safer-buffer
529 silly ADD node_modules/toidentifier
530 silly ADD node_modules/inherits
531 silly ADD node_modules/ms
532 silly ADD node_modules/unpipe
533 silly ADD node_modules/raw-body
534 silly ADD node_modules/iconv-lite
535 silly ADD node_modules/destroy
536 silly ADD node_modules/bytes
537 silly ADD node_modules/negotiator
538 silly ADD node_modules/mime-types
539 silly ADD node_modules/vary
540 silly ADD node_modules/utils-merge
541 silly ADD node_modules/type-is
542 silly ADD node_modules/statuses
543 silly ADD node_modules/setprototypeof
544 silly ADD node_modules/serve-static
545 silly ADD node_modules/send
546 silly ADD node_modules/send/node_modules/ms
547 silly ADD node_modules/safe-buffer
548 silly ADD node_modules/range-parser
549 silly ADD node_modules/qs
550 silly ADD node_modules/proxy-addr
551 silly ADD node_modules/path-to-regexp
552 silly ADD node_modules/parseurl
553 silly ADD node_modules/on-finished
554 silly ADD node_modules/methods
555 silly ADD node_modules/merge-descriptors
556 silly ADD node_modules/http-errors
557 silly ADD node_modules/fresh
558 silly ADD node_modules/finalhandler
559 silly ADD node_modules/etag
560 silly ADD node_modules/escape-html
561 silly ADD node_modules/encodeurl
562 silly ADD node_modules/depd
563 silly ADD node_modules/debug
564 silly ADD node_modules/cookie-signature
565 silly ADD node_modules/cookie
566 silly ADD node_modules/content-type
567 silly ADD node_modules/content-disposition
568 silly ADD node_modules/body-parser
569 silly ADD node_modules/array-flatten
570 silly ADD node_modules/accepts
571 silly ADD node_modules/express
572 timing command:install Completed in 3475ms
573 verbose exit 0
574 timing npm Completed in 3867ms
575 info ok
