0 verbose cli [ '/usr/bin/node', '/usr/bin/npm', 'start' ]
1 info using npm@8.5.1
2 info using node@v12.22.9
3 timing npm:load:whichnode Completed in 0ms
4 timing config:load:defaults Completed in 2ms
5 timing config:load:file:/usr/share/nodejs/npm/npmrc Completed in 16ms
6 timing config:load:builtin Completed in 16ms
7 timing config:load:cli Completed in 2ms
8 timing config:load:env Completed in 1ms
9 timing config:load:project Completed in 1ms
10 timing config:load:file:/home/ubuntu/.npmrc Completed in 1ms
11 timing config:load:user Completed in 1ms
12 timing config:load:file:/etc/npmrc Completed in 0ms
13 timing config:load:global Completed in 0ms
14 timing config:load:validate Completed in 0ms
15 timing config:load:credentials Completed in 1ms
16 timing config:load:setEnvs Completed in 1ms
17 timing config:load Completed in 26ms
18 timing npm:load:configload Completed in 27ms
19 timing npm:load:setTitle Completed in 1ms
20 timing config:load:flatten Completed in 4ms
21 timing npm:load:display Completed in 7ms
22 verbose logfile /home/ubuntu/.npm/_logs/2024-05-08T07_30_49_923Z-debug-0.log
23 timing npm:load:logFile Completed in 8ms
24 timing npm:load:timers Completed in 0ms
25 timing npm:load:configScope Completed in 0ms
26 timing npm:load Completed in 44ms
27 timing command:run-script Completed in 8ms
28 timing command:start Completed in 13ms
29 verbose stack Error: Missing script: "start"
29 verbose stack
29 verbose stack Did you mean one of these?
29 verbose stack     npm star # Mark your favorite packages
29 verbose stack     npm stars # View packages marked as favorites
29 verbose stack
29 verbose stack To see a list of scripts, run:
29 verbose stack   npm run
29 verbose stack     at RunScript.run (/usr/share/nodejs/npm/lib/commands/run-script.js:95:13)
29 verbose stack     at async module.exports (/usr/share/nodejs/npm/lib/cli.js:66:5)
30 verbose cwd /home/ubuntu
31 verbose Linux 6.5.0-1017-aws
32 verbose argv "/usr/bin/node" "/usr/bin/npm" "start"
33 verbose node v12.22.9
34 verbose npm  v8.5.1
35 error Missing script: "start"
35 error
35 error Did you mean one of these?
35 error     npm star # Mark your favorite packages
35 error     npm stars # View packages marked as favorites
35 error
35 error To see a list of scripts, run:
35 error   npm run
36 verbose exit 1
37 timing npm Completed in 253ms
38 verbose code 1
39 error A complete log of this run can be found in:
39 error     /home/ubuntu/.npm/_logs/2024-05-08T07_30_49_923Z-debug-0.log
